<?xml version="1.0" encoding="UTF-8"?>
<testng-results ignored="0" total="1" passed="1" failed="0" skipped="0">
  <reporter-output>
  </reporter-output>
  <suite started-at="2025-02-02T16:50:00 IST" name="Suite" finished-at="2025-02-02T16:50:03 IST" duration-ms="3054">
    <groups>
    </groups>
    <test started-at="2025-02-02T16:50:00 IST" name="Test" finished-at="2025-02-02T16:50:03 IST" duration-ms="3054">
      <class name="com.TestCases.ValidateResponseData">
        <test-method signature="validateResponse()[pri:0, instance:com.TestCases.ValidateResponseData@79924b]" started-at="2025-02-02T16:50:00 IST" name="validateResponse" finished-at="2025-02-02T16:50:03 IST" duration-ms="3003" status="PASS">
          <reporter-output>
          </reporter-output>
        </test-method> <!-- validateResponse -->
      </class> <!-- com.TestCases.ValidateResponseData -->
    </test> <!-- Test -->
  </suite> <!-- Suite -->
</testng-results>
