<?xml version="1.0" encoding="UTF-8"?>
<testng-results ignored="0" total="1" passed="1" failed="0" skipped="0">
  <reporter-output>
  </reporter-output>
  <suite started-at="2025-02-02T15:32:59 IST" name="Default suite" finished-at="2025-02-02T15:33:02 IST" duration-ms="2741">
    <groups>
    </groups>
    <test started-at="2025-02-02T15:32:59 IST" name="Default test" finished-at="2025-02-02T15:33:02 IST" duration-ms="2741">
      <class name="com.TestCases.ValidateResponseData">
        <test-method signature="validateResponse()[pri:0, instance:com.TestCases.ValidateResponseData@4c12331b]" started-at="2025-02-02T15:32:59 IST" name="validateResponse" finished-at="2025-02-02T15:33:02 IST" duration-ms="2672" status="PASS">
          <reporter-output>
          </reporter-output>
        </test-method> <!-- validateResponse -->
      </class> <!-- com.TestCases.ValidateResponseData -->
    </test> <!-- Default test -->
  </suite> <!-- Default suite -->
</testng-results>
